mode: set
github.com/fullcontact/fullcontact-api-clients/golang/fc/fullcontact.go:11.103,13.16 2 1
github.com/fullcontact/fullcontact-api-clients/golang/fc/fullcontact.go:16.2,16.37 1 1
github.com/fullcontact/fullcontact-api-clients/golang/fc/fullcontact.go:19.2,22.17 4 1
github.com/fullcontact/fullcontact-api-clients/golang/fc/fullcontact.go:13.16,15.3 1 0
github.com/fullcontact/fullcontact-api-clients/golang/fc/fullcontact.go:16.37,18.3 1 0
github.com/fullcontact/fullcontact-api-clients/golang/fc/fullcontact.go:26.90,28.16 2 1
github.com/fullcontact/fullcontact-api-clients/golang/fc/fullcontact.go:32.2,34.16 2 1
github.com/fullcontact/fullcontact-api-clients/golang/fc/fullcontact.go:28.16,30.3 1 0
github.com/fullcontact/fullcontact-api-clients/golang/fc/fullcontact.go:34.16,36.3 1 0
github.com/fullcontact/fullcontact-api-clients/golang/fc/fullcontact.go:36.8,36.79 1 1
github.com/fullcontact/fullcontact-api-clients/golang/fc/fullcontact.go:36.79,38.3 1 1
github.com/fullcontact/fullcontact-api-clients/golang/fc/fullcontact.go:38.8,40.3 1 1
github.com/fullcontact/fullcontact-api-clients/golang/fc/fullcontact.go:43.152,44.71 1 1
github.com/fullcontact/fullcontact-api-clients/golang/fc/fullcontact.go:44.71,48.17 4 1
github.com/fullcontact/fullcontact-api-clients/golang/fc/fullcontact.go:51.3,52.17 2 1
github.com/fullcontact/fullcontact-api-clients/golang/fc/fullcontact.go:48.17,50.4 1 0
github.com/fullcontact/fullcontact-api-clients/golang/fc/fullcontact.go:52.17,54.4 1 0
github.com/fullcontact/fullcontact-api-clients/golang/fc/fullcontact.go:54.9,54.80 1 1
github.com/fullcontact/fullcontact-api-clients/golang/fc/fullcontact.go:54.80,56.4 1 0
github.com/fullcontact/fullcontact-api-clients/golang/fc/fullcontact.go:56.9,58.4 1 1
github.com/fullcontact/fullcontact-api-clients/golang/fc/fullcontact.go:59.8,59.23 1 1
github.com/fullcontact/fullcontact-api-clients/golang/fc/fullcontact.go:59.23,61.3 1 0
github.com/fullcontact/fullcontact-api-clients/golang/fc/fullcontact.go:61.8,63.3 1 1
github.com/fullcontact/fullcontact-api-clients/golang/fc/fullcontact.go:67.90,73.21 2 1
github.com/fullcontact/fullcontact-api-clients/golang/fc/fullcontact.go:91.2,92.8 2 1
github.com/fullcontact/fullcontact-api-clients/golang/fc/fullcontact.go:73.21,76.28 2 1
github.com/fullcontact/fullcontact-api-clients/golang/fc/fullcontact.go:80.3,80.14 1 1
github.com/fullcontact/fullcontact-api-clients/golang/fc/fullcontact.go:76.28,78.4 1 1
github.com/fullcontact/fullcontact-api-clients/golang/fc/fullcontact.go:81.24,82.34 1 1
github.com/fullcontact/fullcontact-api-clients/golang/fc/fullcontact.go:83.25,84.35 1 1
github.com/fullcontact/fullcontact-api-clients/golang/fc/fullcontact.go:85.25,86.41 1 1
github.com/fullcontact/fullcontact-api-clients/golang/fc/fullcontact.go:87.62,88.35 1 1
github.com/fullcontact/fullcontact-api-clients/golang/fc/fullcontact.go:97.97,99.26 2 1
github.com/fullcontact/fullcontact-api-clients/golang/fc/fullcontact.go:103.2,105.16 2 0
github.com/fullcontact/fullcontact-api-clients/golang/fc/fullcontact.go:110.2,111.11 2 0
github.com/fullcontact/fullcontact-api-clients/golang/fc/fullcontact.go:99.26,102.3 2 1
github.com/fullcontact/fullcontact-api-clients/golang/fc/fullcontact.go:105.16,108.3 2 0
github.com/fullcontact/fullcontact-api-clients/golang/fc/fullcontact.go:116.100,118.27 2 1
github.com/fullcontact/fullcontact-api-clients/golang/fc/fullcontact.go:122.2,123.16 2 1
github.com/fullcontact/fullcontact-api-clients/golang/fc/fullcontact.go:127.2,129.16 2 0
github.com/fullcontact/fullcontact-api-clients/golang/fc/fullcontact.go:134.2,135.11 2 0
github.com/fullcontact/fullcontact-api-clients/golang/fc/fullcontact.go:118.27,121.3 2 1
github.com/fullcontact/fullcontact-api-clients/golang/fc/fullcontact.go:123.16,126.3 2 1
github.com/fullcontact/fullcontact-api-clients/golang/fc/fullcontact.go:129.16,132.3 2 0
github.com/fullcontact/fullcontact-api-clients/golang/fc/fullcontact.go:140.100,142.27 2 1
github.com/fullcontact/fullcontact-api-clients/golang/fc/fullcontact.go:146.2,147.16 2 1
github.com/fullcontact/fullcontact-api-clients/golang/fc/fullcontact.go:151.2,153.16 2 0
github.com/fullcontact/fullcontact-api-clients/golang/fc/fullcontact.go:158.2,159.11 2 0
github.com/fullcontact/fullcontact-api-clients/golang/fc/fullcontact.go:142.27,145.3 2 1
github.com/fullcontact/fullcontact-api-clients/golang/fc/fullcontact.go:147.16,150.3 2 1
github.com/fullcontact/fullcontact-api-clients/golang/fc/fullcontact.go:153.16,156.3 2 0
github.com/fullcontact/fullcontact-api-clients/golang/fc/fullcontact.go:165.98,167.27 2 1
github.com/fullcontact/fullcontact-api-clients/golang/fc/fullcontact.go:171.2,172.16 2 1
github.com/fullcontact/fullcontact-api-clients/golang/fc/fullcontact.go:176.2,176.68 1 0
github.com/fullcontact/fullcontact-api-clients/golang/fc/fullcontact.go:167.27,170.3 2 1
github.com/fullcontact/fullcontact-api-clients/golang/fc/fullcontact.go:172.16,175.3 2 1
github.com/fullcontact/fullcontact-api-clients/golang/fc/fullcontact.go:182.102,184.27 2 1
github.com/fullcontact/fullcontact-api-clients/golang/fc/fullcontact.go:188.2,189.16 2 1
github.com/fullcontact/fullcontact-api-clients/golang/fc/fullcontact.go:193.2,193.72 1 0
github.com/fullcontact/fullcontact-api-clients/golang/fc/fullcontact.go:184.27,187.3 2 1
github.com/fullcontact/fullcontact-api-clients/golang/fc/fullcontact.go:189.16,192.3 2 1
github.com/fullcontact/fullcontact-api-clients/golang/fc/fullcontact.go:199.101,201.27 2 1
github.com/fullcontact/fullcontact-api-clients/golang/fc/fullcontact.go:205.2,206.16 2 1
github.com/fullcontact/fullcontact-api-clients/golang/fc/fullcontact.go:210.2,210.71 1 0
github.com/fullcontact/fullcontact-api-clients/golang/fc/fullcontact.go:201.27,204.3 2 1
github.com/fullcontact/fullcontact-api-clients/golang/fc/fullcontact.go:206.16,209.3 2 1
github.com/fullcontact/fullcontact-api-clients/golang/fc/fullcontact.go:213.135,216.16 2 0
github.com/fullcontact/fullcontact-api-clients/golang/fc/fullcontact.go:221.2,222.11 2 0
github.com/fullcontact/fullcontact-api-clients/golang/fc/fullcontact.go:216.16,219.3 2 0
github.com/fullcontact/fullcontact-api-clients/golang/fc/fullcontact.go:225.50,228.16 3 1
github.com/fullcontact/fullcontact-api-clients/golang/fc/fullcontact.go:232.2,233.36 2 1
github.com/fullcontact/fullcontact-api-clients/golang/fc/fullcontact.go:240.2,243.38 4 1
github.com/fullcontact/fullcontact-api-clients/golang/fc/fullcontact.go:228.16,231.3 2 0
github.com/fullcontact/fullcontact-api-clients/golang/fc/fullcontact.go:233.36,235.17 2 1
github.com/fullcontact/fullcontact-api-clients/golang/fc/fullcontact.go:235.17,238.4 2 0
github.com/fullcontact/fullcontact-api-clients/golang/fc/fullcontact.go:246.51,249.16 3 1
github.com/fullcontact/fullcontact-api-clients/golang/fc/fullcontact.go:253.2,254.36 2 1
github.com/fullcontact/fullcontact-api-clients/golang/fc/fullcontact.go:261.2,264.48 4 1
github.com/fullcontact/fullcontact-api-clients/golang/fc/fullcontact.go:249.16,252.3 2 0
github.com/fullcontact/fullcontact-api-clients/golang/fc/fullcontact.go:254.36,256.17 2 1
github.com/fullcontact/fullcontact-api-clients/golang/fc/fullcontact.go:256.17,259.4 2 0
github.com/fullcontact/fullcontact-api-clients/golang/fc/fullcontact.go:267.57,270.16 3 1
github.com/fullcontact/fullcontact-api-clients/golang/fc/fullcontact.go:274.2,275.36 2 1
github.com/fullcontact/fullcontact-api-clients/golang/fc/fullcontact.go:282.2,285.59 4 1
github.com/fullcontact/fullcontact-api-clients/golang/fc/fullcontact.go:270.16,273.3 2 0
github.com/fullcontact/fullcontact-api-clients/golang/fc/fullcontact.go:275.36,277.17 2 1
github.com/fullcontact/fullcontact-api-clients/golang/fc/fullcontact.go:277.17,280.4 2 0
github.com/fullcontact/fullcontact-api-clients/golang/fc/fullcontact.go:288.51,291.16 3 1
github.com/fullcontact/fullcontact-api-clients/golang/fc/fullcontact.go:295.2,296.36 2 1
github.com/fullcontact/fullcontact-api-clients/golang/fc/fullcontact.go:303.2,306.48 4 1
github.com/fullcontact/fullcontact-api-clients/golang/fc/fullcontact.go:291.16,294.3 2 0
github.com/fullcontact/fullcontact-api-clients/golang/fc/fullcontact.go:296.36,298.17 2 1
github.com/fullcontact/fullcontact-api-clients/golang/fc/fullcontact.go:298.17,301.4 2 0
github.com/fullcontact/fullcontact-api-clients/golang/fc/fullcontact.go:309.24,310.11 1 1
github.com/fullcontact/fullcontact-api-clients/golang/fc/fullcontact.go:313.2,313.10 1 0
github.com/fullcontact/fullcontact-api-clients/golang/fc/fullcontact.go:310.11,312.3 1 1
github.com/fullcontact/fullcontact-api-clients/golang/fc/api_response.go:20.42,25.2 1 1
github.com/fullcontact/fullcontact-api-clients/golang/fc/resolve_request.go:16.81,19.29 2 1
github.com/fullcontact/fullcontact-api-clients/golang/fc/resolve_request.go:22.2,23.16 2 1
github.com/fullcontact/fullcontact-api-clients/golang/fc/resolve_request.go:26.2,26.28 1 1
github.com/fullcontact/fullcontact-api-clients/golang/fc/resolve_request.go:19.29,21.3 1 1
github.com/fullcontact/fullcontact-api-clients/golang/fc/resolve_request.go:23.16,25.3 1 1
github.com/fullcontact/fullcontact-api-clients/golang/fc/resolve_request.go:29.67,30.66 1 1
github.com/fullcontact/fullcontact-api-clients/golang/fc/resolve_request.go:50.2,51.115 1 1
github.com/fullcontact/fullcontact-api-clients/golang/fc/resolve_request.go:30.66,32.3 1 1
github.com/fullcontact/fullcontact-api-clients/golang/fc/resolve_request.go:32.8,32.73 1 1
github.com/fullcontact/fullcontact-api-clients/golang/fc/resolve_request.go:32.73,37.56 1 1
github.com/fullcontact/fullcontact-api-clients/golang/fc/resolve_request.go:37.56,40.89 1 1
github.com/fullcontact/fullcontact-api-clients/golang/fc/resolve_request.go:40.89,42.5 1 1
github.com/fullcontact/fullcontact-api-clients/golang/fc/resolve_request.go:42.10,44.5 1 0
github.com/fullcontact/fullcontact-api-clients/golang/fc/resolve_request.go:45.9,48.4 1 0
github.com/fullcontact/fullcontact-api-clients/golang/fc/resolve_request.go:54.60,55.35 1 1
github.com/fullcontact/fullcontact-api-clients/golang/fc/resolve_request.go:58.2,61.27 1 1
github.com/fullcontact/fullcontact-api-clients/golang/fc/resolve_request.go:55.35,57.3 1 1
github.com/fullcontact/fullcontact-api-clients/golang/fc/resolve_request.go:61.27,63.3 1 0
github.com/fullcontact/fullcontact-api-clients/golang/fc/resolve_request.go:63.8,65.3 1 1
github.com/fullcontact/fullcontact-api-clients/golang/fc/resolve_request.go:68.64,69.68 1 1
github.com/fullcontact/fullcontact-api-clients/golang/fc/resolve_request.go:72.2,72.12 1 0
github.com/fullcontact/fullcontact-api-clients/golang/fc/resolve_request.go:69.68,71.3 1 1
github.com/fullcontact/fullcontact-api-clients/golang/fc/resolve_request.go:75.63,76.36 1 1
github.com/fullcontact/fullcontact-api-clients/golang/fc/resolve_request.go:79.2,79.12 1 0
github.com/fullcontact/fullcontact-api-clients/golang/fc/resolve_request.go:76.36,78.3 1 1
github.com/fullcontact/fullcontact-api-clients/golang/fc/resolve_request.go:82.61,83.46 1 1
github.com/fullcontact/fullcontact-api-clients/golang/fc/resolve_request.go:83.46,84.35 1 1
github.com/fullcontact/fullcontact-api-clients/golang/fc/resolve_request.go:87.3,87.63 1 1
github.com/fullcontact/fullcontact-api-clients/golang/fc/resolve_request.go:84.35,86.4 1 1
github.com/fullcontact/fullcontact-api-clients/golang/fc/resolve_request.go:91.65,92.46 1 1
github.com/fullcontact/fullcontact-api-clients/golang/fc/resolve_request.go:92.46,93.35 1 1
github.com/fullcontact/fullcontact-api-clients/golang/fc/resolve_request.go:96.3,96.67 1 1
github.com/fullcontact/fullcontact-api-clients/golang/fc/resolve_request.go:93.35,95.4 1 0
github.com/fullcontact/fullcontact-api-clients/golang/fc/resolve_request.go:100.61,101.46 1 1
github.com/fullcontact/fullcontact-api-clients/golang/fc/resolve_request.go:101.46,102.35 1 1
github.com/fullcontact/fullcontact-api-clients/golang/fc/resolve_request.go:105.3,105.63 1 1
github.com/fullcontact/fullcontact-api-clients/golang/fc/resolve_request.go:102.35,104.4 1 1
github.com/fullcontact/fullcontact-api-clients/golang/fc/resolve_request.go:109.65,110.46 1 0
github.com/fullcontact/fullcontact-api-clients/golang/fc/resolve_request.go:110.46,111.35 1 0
github.com/fullcontact/fullcontact-api-clients/golang/fc/resolve_request.go:114.3,114.67 1 0
github.com/fullcontact/fullcontact-api-clients/golang/fc/resolve_request.go:111.35,113.4 1 0
github.com/fullcontact/fullcontact-api-clients/golang/fc/resolve_request.go:118.59,119.46 1 1
github.com/fullcontact/fullcontact-api-clients/golang/fc/resolve_request.go:119.46,120.33 1 1
github.com/fullcontact/fullcontact-api-clients/golang/fc/resolve_request.go:123.3,123.58 1 1
github.com/fullcontact/fullcontact-api-clients/golang/fc/resolve_request.go:120.33,122.4 1 1
github.com/fullcontact/fullcontact-api-clients/golang/fc/resolve_request.go:127.63,128.46 1 0
github.com/fullcontact/fullcontact-api-clients/golang/fc/resolve_request.go:128.46,129.33 1 0
github.com/fullcontact/fullcontact-api-clients/golang/fc/resolve_request.go:132.3,132.62 1 0
github.com/fullcontact/fullcontact-api-clients/golang/fc/resolve_request.go:129.33,131.4 1 0
github.com/fullcontact/fullcontact-api-clients/golang/fc/resolve_request.go:136.70,137.46 1 1
github.com/fullcontact/fullcontact-api-clients/golang/fc/resolve_request.go:137.46,139.3 1 1
github.com/fullcontact/fullcontact-api-clients/golang/fc/resolve_request.go:142.67,143.46 1 1
github.com/fullcontact/fullcontact-api-clients/golang/fc/resolve_request.go:143.46,145.3 1 1
github.com/fullcontact/fullcontact-api-clients/golang/fc/resolve_request.go:148.67,149.46 1 1
github.com/fullcontact/fullcontact-api-clients/golang/fc/resolve_request.go:149.46,151.3 1 1
github.com/fullcontact/fullcontact-api-clients/golang/fc/resolve_request.go:154.64,155.46 1 1
github.com/fullcontact/fullcontact-api-clients/golang/fc/resolve_request.go:155.46,157.3 1 1
github.com/fullcontact/fullcontact-api-clients/golang/fc/resolve_request.go:160.67,161.46 1 1
github.com/fullcontact/fullcontact-api-clients/golang/fc/resolve_request.go:161.46,162.37 1 1
github.com/fullcontact/fullcontact-api-clients/golang/fc/resolve_request.go:165.3,165.69 1 1
github.com/fullcontact/fullcontact-api-clients/golang/fc/resolve_request.go:162.37,164.4 1 1
github.com/fullcontact/fullcontact-api-clients/golang/fc/resolve_request.go:169.71,170.46 1 0
github.com/fullcontact/fullcontact-api-clients/golang/fc/resolve_request.go:170.46,171.37 1 0
github.com/fullcontact/fullcontact-api-clients/golang/fc/resolve_request.go:174.3,174.73 1 0
github.com/fullcontact/fullcontact-api-clients/golang/fc/resolve_request.go:171.37,173.4 1 0
github.com/fullcontact/fullcontact-api-clients/golang/fc/company_request.go:16.82,19.31 2 1
github.com/fullcontact/fullcontact-api-clients/golang/fc/company_request.go:22.2,23.16 2 1
github.com/fullcontact/fullcontact-api-clients/golang/fc/company_request.go:19.31,21.3 1 1
github.com/fullcontact/fullcontact-api-clients/golang/fc/company_request.go:26.55,27.102 1 1
github.com/fullcontact/fullcontact-api-clients/golang/fc/company_request.go:30.2,30.12 1 1
github.com/fullcontact/fullcontact-api-clients/golang/fc/company_request.go:27.102,29.3 1 1
github.com/fullcontact/fullcontact-api-clients/golang/fc/company_request.go:33.62,34.34 1 1
github.com/fullcontact/fullcontact-api-clients/golang/fc/company_request.go:37.2,37.12 1 0
github.com/fullcontact/fullcontact-api-clients/golang/fc/company_request.go:34.34,36.3 1 1
github.com/fullcontact/fullcontact-api-clients/golang/fc/company_request.go:40.62,41.39 1 1
github.com/fullcontact/fullcontact-api-clients/golang/fc/company_request.go:44.2,44.12 1 0
github.com/fullcontact/fullcontact-api-clients/golang/fc/company_request.go:41.39,43.3 1 1
github.com/fullcontact/fullcontact-api-clients/golang/fc/company_request.go:47.53,48.34 1 1
github.com/fullcontact/fullcontact-api-clients/golang/fc/company_request.go:48.34,50.3 1 1
github.com/fullcontact/fullcontact-api-clients/golang/fc/company_request.go:53.63,54.34 1 1
github.com/fullcontact/fullcontact-api-clients/golang/fc/company_request.go:54.34,56.3 1 1
github.com/fullcontact/fullcontact-api-clients/golang/fc/company_request.go:59.71,60.34 1 1
github.com/fullcontact/fullcontact-api-clients/golang/fc/company_request.go:60.34,62.3 1 1
github.com/fullcontact/fullcontact-api-clients/golang/fc/company_request.go:65.67,66.34 1 1
github.com/fullcontact/fullcontact-api-clients/golang/fc/company_request.go:66.34,68.3 1 1
github.com/fullcontact/fullcontact-api-clients/golang/fc/company_request.go:71.57,72.34 1 1
github.com/fullcontact/fullcontact-api-clients/golang/fc/company_request.go:72.34,74.3 1 1
github.com/fullcontact/fullcontact-api-clients/golang/fc/company_request.go:77.53,78.34 1 1
github.com/fullcontact/fullcontact-api-clients/golang/fc/company_request.go:78.34,80.3 1 1
github.com/fullcontact/fullcontact-api-clients/golang/fc/company_request.go:83.55,84.34 1 1
github.com/fullcontact/fullcontact-api-clients/golang/fc/company_request.go:84.34,86.3 1 1
github.com/fullcontact/fullcontact-api-clients/golang/fc/company_request.go:89.49,90.34 1 1
github.com/fullcontact/fullcontact-api-clients/golang/fc/company_request.go:90.34,92.3 1 1
github.com/fullcontact/fullcontact-api-clients/golang/fc/location.go:19.55,21.31 2 1
github.com/fullcontact/fullcontact-api-clients/golang/fc/location.go:24.2,24.17 1 1
github.com/fullcontact/fullcontact-api-clients/golang/fc/location.go:21.31,23.3 1 1
github.com/fullcontact/fullcontact-api-clients/golang/fc/location.go:27.59,28.34 1 1
github.com/fullcontact/fullcontact-api-clients/golang/fc/location.go:28.34,30.3 1 1
github.com/fullcontact/fullcontact-api-clients/golang/fc/location.go:33.59,34.34 1 1
github.com/fullcontact/fullcontact-api-clients/golang/fc/location.go:34.34,36.3 1 1
github.com/fullcontact/fullcontact-api-clients/golang/fc/location.go:39.43,40.34 1 1
github.com/fullcontact/fullcontact-api-clients/golang/fc/location.go:40.34,42.3 1 1
github.com/fullcontact/fullcontact-api-clients/golang/fc/location.go:45.58,46.34 1 1
github.com/fullcontact/fullcontact-api-clients/golang/fc/location.go:46.34,48.3 1 1
github.com/fullcontact/fullcontact-api-clients/golang/fc/location.go:51.55,52.34 1 1
github.com/fullcontact/fullcontact-api-clients/golang/fc/location.go:52.34,54.3 1 1
github.com/fullcontact/fullcontact-api-clients/golang/fc/location.go:57.55,58.34 1 1
github.com/fullcontact/fullcontact-api-clients/golang/fc/location.go:58.34,60.3 1 1
github.com/fullcontact/fullcontact-api-clients/golang/fc/location.go:63.60,64.34 1 0
github.com/fullcontact/fullcontact-api-clients/golang/fc/location.go:64.34,66.3 1 0
github.com/fullcontact/fullcontact-api-clients/golang/fc/location.go:69.57,70.34 1 0
github.com/fullcontact/fullcontact-api-clients/golang/fc/location.go:70.34,72.3 1 0
github.com/fullcontact/fullcontact-api-clients/golang/fc/location.go:75.53,76.34 1 0
github.com/fullcontact/fullcontact-api-clients/golang/fc/location.go:76.34,78.3 1 0
github.com/fullcontact/fullcontact-api-clients/golang/fc/person_name.go:10.62,13.31 2 1
github.com/fullcontact/fullcontact-api-clients/golang/fc/person_name.go:16.2,16.11 1 1
github.com/fullcontact/fullcontact-api-clients/golang/fc/person_name.go:13.31,15.3 1 1
github.com/fullcontact/fullcontact-api-clients/golang/fc/person_name.go:19.46,20.32 1 1
github.com/fullcontact/fullcontact-api-clients/golang/fc/person_name.go:20.32,22.3 1 1
github.com/fullcontact/fullcontact-api-clients/golang/fc/person_name.go:25.48,26.32 1 1
github.com/fullcontact/fullcontact-api-clients/golang/fc/person_name.go:26.32,28.3 1 1
github.com/fullcontact/fullcontact-api-clients/golang/fc/person_name.go:31.50,32.32 1 1
github.com/fullcontact/fullcontact-api-clients/golang/fc/person_name.go:32.32,34.3 1 1
github.com/fullcontact/fullcontact-api-clients/golang/fc/profile.go:12.62,15.31 2 1
github.com/fullcontact/fullcontact-api-clients/golang/fc/profile.go:19.2,20.16 2 1
github.com/fullcontact/fullcontact-api-clients/golang/fc/profile.go:23.2,23.21 1 1
github.com/fullcontact/fullcontact-api-clients/golang/fc/profile.go:15.31,17.3 1 1
github.com/fullcontact/fullcontact-api-clients/golang/fc/profile.go:20.16,22.3 1 1
github.com/fullcontact/fullcontact-api-clients/golang/fc/profile.go:26.41,27.32 1 1
github.com/fullcontact/fullcontact-api-clients/golang/fc/profile.go:27.32,29.3 1 1
github.com/fullcontact/fullcontact-api-clients/golang/fc/profile.go:32.51,33.32 1 1
github.com/fullcontact/fullcontact-api-clients/golang/fc/profile.go:33.32,35.3 1 1
github.com/fullcontact/fullcontact-api-clients/golang/fc/profile.go:38.47,39.32 1 1
github.com/fullcontact/fullcontact-api-clients/golang/fc/profile.go:39.32,41.3 1 1
github.com/fullcontact/fullcontact-api-clients/golang/fc/profile.go:44.49,45.32 1 1
github.com/fullcontact/fullcontact-api-clients/golang/fc/profile.go:45.32,47.3 1 1
github.com/fullcontact/fullcontact-api-clients/golang/fc/profile.go:50.46,51.30 1 1
github.com/fullcontact/fullcontact-api-clients/golang/fc/profile.go:51.30,52.67 1 1
github.com/fullcontact/fullcontact-api-clients/golang/fc/profile.go:55.3,55.13 1 1
github.com/fullcontact/fullcontact-api-clients/golang/fc/profile.go:52.67,54.4 1 1
github.com/fullcontact/fullcontact-api-clients/golang/fc/profile.go:56.8,56.41 1 1
github.com/fullcontact/fullcontact-api-clients/golang/fc/profile.go:56.41,57.67 1 1
github.com/fullcontact/fullcontact-api-clients/golang/fc/profile.go:57.67,59.4 1 1
github.com/fullcontact/fullcontact-api-clients/golang/fc/profile.go:59.9,59.74 1 1
github.com/fullcontact/fullcontact-api-clients/golang/fc/profile.go:59.74,61.4 1 1
github.com/fullcontact/fullcontact-api-clients/golang/fc/profile.go:61.9,64.4 1 1
github.com/fullcontact/fullcontact-api-clients/golang/fc/profile.go:65.8,68.3 1 1
github.com/fullcontact/fullcontact-api-clients/golang/fc/client.go:18.80,24.31 2 1
github.com/fullcontact/fullcontact-api-clients/golang/fc/client.go:27.2,27.34 1 1
github.com/fullcontact/fullcontact-api-clients/golang/fc/client.go:35.2,35.33 1 1
github.com/fullcontact/fullcontact-api-clients/golang/fc/client.go:39.2,39.27 1 1
github.com/fullcontact/fullcontact-api-clients/golang/fc/client.go:42.2,46.15 2 1
github.com/fullcontact/fullcontact-api-clients/golang/fc/client.go:24.31,26.3 1 1
github.com/fullcontact/fullcontact-api-clients/golang/fc/client.go:27.34,29.17 2 1
github.com/fullcontact/fullcontact-api-clients/golang/fc/client.go:32.3,32.29 1 0
github.com/fullcontact/fullcontact-api-clients/golang/fc/client.go:29.17,31.4 1 1
github.com/fullcontact/fullcontact-api-clients/golang/fc/client.go:35.33,37.3 1 0
github.com/fullcontact/fullcontact-api-clients/golang/fc/client.go:39.27,41.3 1 1
github.com/fullcontact/fullcontact-api-clients/golang/fc/client.go:49.84,50.37 1 1
github.com/fullcontact/fullcontact-api-clients/golang/fc/client.go:50.37,52.3 1 1
github.com/fullcontact/fullcontact-api-clients/golang/fc/client.go:55.44,56.37 1 1
github.com/fullcontact/fullcontact-api-clients/golang/fc/client.go:56.37,58.3 1 1
github.com/fullcontact/fullcontact-api-clients/golang/fc/client.go:61.58,62.37 1 1
github.com/fullcontact/fullcontact-api-clients/golang/fc/client.go:62.37,63.29 1 1
github.com/fullcontact/fullcontact-api-clients/golang/fc/client.go:63.29,65.4 1 1
github.com/fullcontact/fullcontact-api-clients/golang/fc/client.go:69.63,70.37 1 1
github.com/fullcontact/fullcontact-api-clients/golang/fc/client.go:70.37,72.3 1 1
github.com/fullcontact/fullcontact-api-clients/golang/fc/credentials_provider.go:13.85,14.26 1 1
github.com/fullcontact/fullcontact-api-clients/golang/fc/credentials_provider.go:14.26,16.3 1 1
github.com/fullcontact/fullcontact-api-clients/golang/fc/credentials_provider.go:16.8,18.3 1 1
github.com/fullcontact/fullcontact-api-clients/golang/fc/credentials_provider.go:21.57,23.2 1 1
github.com/fullcontact/fullcontact-api-clients/golang/fc/credentials_provider.go:29.87,31.26 2 1
github.com/fullcontact/fullcontact-api-clients/golang/fc/credentials_provider.go:31.26,33.3 1 1
github.com/fullcontact/fullcontact-api-clients/golang/fc/credentials_provider.go:33.8,35.3 1 0
github.com/fullcontact/fullcontact-api-clients/golang/fc/credentials_provider.go:38.58,40.2 1 0
github.com/fullcontact/fullcontact-api-clients/golang/fc/fc_error.go:9.49,11.2 1 0
github.com/fullcontact/fullcontact-api-clients/golang/fc/fc_error.go:13.56,15.2 1 1
github.com/fullcontact/fullcontact-api-clients/golang/fc/fc_error.go:17.37,19.2 1 1
github.com/fullcontact/fullcontact-api-clients/golang/fc/person_request.go:20.78,23.29 2 1
github.com/fullcontact/fullcontact-api-clients/golang/fc/person_request.go:26.2,27.16 2 1
github.com/fullcontact/fullcontact-api-clients/golang/fc/person_request.go:30.2,30.16 1 1
github.com/fullcontact/fullcontact-api-clients/golang/fc/person_request.go:23.29,25.3 1 1
github.com/fullcontact/fullcontact-api-clients/golang/fc/person_request.go:27.16,29.3 1 1
github.com/fullcontact/fullcontact-api-clients/golang/fc/person_request.go:33.53,38.26 1 1
github.com/fullcontact/fullcontact-api-clients/golang/fc/person_request.go:41.2,41.42 1 1
github.com/fullcontact/fullcontact-api-clients/golang/fc/person_request.go:61.2,62.115 1 1
github.com/fullcontact/fullcontact-api-clients/golang/fc/person_request.go:38.26,40.3 1 1
github.com/fullcontact/fullcontact-api-clients/golang/fc/person_request.go:41.42,43.3 1 1
github.com/fullcontact/fullcontact-api-clients/golang/fc/person_request.go:43.8,43.49 1 1
github.com/fullcontact/fullcontact-api-clients/golang/fc/person_request.go:43.49,48.44 1 1
github.com/fullcontact/fullcontact-api-clients/golang/fc/person_request.go:48.44,51.65 1 1
github.com/fullcontact/fullcontact-api-clients/golang/fc/person_request.go:51.65,53.5 1 1
github.com/fullcontact/fullcontact-api-clients/golang/fc/person_request.go:53.10,55.5 1 0
github.com/fullcontact/fullcontact-api-clients/golang/fc/person_request.go:56.9,59.4 1 0
github.com/fullcontact/fullcontact-api-clients/golang/fc/person_request.go:65.50,66.33 1 1
github.com/fullcontact/fullcontact-api-clients/golang/fc/person_request.go:66.33,67.23 1 1
github.com/fullcontact/fullcontact-api-clients/golang/fc/person_request.go:70.3,70.39 1 1
github.com/fullcontact/fullcontact-api-clients/golang/fc/person_request.go:67.23,69.4 1 1
github.com/fullcontact/fullcontact-api-clients/golang/fc/person_request.go:74.54,75.33 1 1
github.com/fullcontact/fullcontact-api-clients/golang/fc/person_request.go:75.33,76.23 1 1
github.com/fullcontact/fullcontact-api-clients/golang/fc/person_request.go:79.3,79.43 1 1
github.com/fullcontact/fullcontact-api-clients/golang/fc/person_request.go:76.23,78.4 1 0
github.com/fullcontact/fullcontact-api-clients/golang/fc/person_request.go:83.50,84.33 1 1
github.com/fullcontact/fullcontact-api-clients/golang/fc/person_request.go:84.33,85.23 1 1
github.com/fullcontact/fullcontact-api-clients/golang/fc/person_request.go:88.3,88.39 1 1
github.com/fullcontact/fullcontact-api-clients/golang/fc/person_request.go:85.23,87.4 1 1
github.com/fullcontact/fullcontact-api-clients/golang/fc/person_request.go:92.54,93.33 1 0
github.com/fullcontact/fullcontact-api-clients/golang/fc/person_request.go:93.33,94.23 1 0
github.com/fullcontact/fullcontact-api-clients/golang/fc/person_request.go:97.3,97.43 1 0
github.com/fullcontact/fullcontact-api-clients/golang/fc/person_request.go:94.23,96.4 1 0
github.com/fullcontact/fullcontact-api-clients/golang/fc/person_request.go:101.60,102.33 1 1
github.com/fullcontact/fullcontact-api-clients/golang/fc/person_request.go:102.33,103.27 1 1
github.com/fullcontact/fullcontact-api-clients/golang/fc/person_request.go:106.3,106.52 1 1
github.com/fullcontact/fullcontact-api-clients/golang/fc/person_request.go:103.27,105.4 1 1
github.com/fullcontact/fullcontact-api-clients/golang/fc/person_request.go:110.64,111.33 1 0
github.com/fullcontact/fullcontact-api-clients/golang/fc/person_request.go:111.33,112.27 1 0
github.com/fullcontact/fullcontact-api-clients/golang/fc/person_request.go:115.3,115.56 1 0
github.com/fullcontact/fullcontact-api-clients/golang/fc/person_request.go:112.27,114.4 1 0
github.com/fullcontact/fullcontact-api-clients/golang/fc/person_request.go:119.48,120.33 1 1
github.com/fullcontact/fullcontact-api-clients/golang/fc/person_request.go:120.33,121.21 1 1
github.com/fullcontact/fullcontact-api-clients/golang/fc/person_request.go:124.3,124.34 1 1
github.com/fullcontact/fullcontact-api-clients/golang/fc/person_request.go:121.21,123.4 1 1
github.com/fullcontact/fullcontact-api-clients/golang/fc/person_request.go:128.52,129.33 1 0
github.com/fullcontact/fullcontact-api-clients/golang/fc/person_request.go:129.33,130.21 1 0
github.com/fullcontact/fullcontact-api-clients/golang/fc/person_request.go:133.3,133.38 1 0
github.com/fullcontact/fullcontact-api-clients/golang/fc/person_request.go:130.21,132.4 1 0
github.com/fullcontact/fullcontact-api-clients/golang/fc/person_request.go:137.59,138.33 1 1
github.com/fullcontact/fullcontact-api-clients/golang/fc/person_request.go:138.33,140.3 1 1
github.com/fullcontact/fullcontact-api-clients/golang/fc/person_request.go:143.60,144.33 1 1
github.com/fullcontact/fullcontact-api-clients/golang/fc/person_request.go:144.33,146.3 1 1
github.com/fullcontact/fullcontact-api-clients/golang/fc/person_request.go:149.56,150.33 1 1
github.com/fullcontact/fullcontact-api-clients/golang/fc/person_request.go:150.33,152.3 1 1
github.com/fullcontact/fullcontact-api-clients/golang/fc/person_request.go:155.56,156.33 1 1
github.com/fullcontact/fullcontact-api-clients/golang/fc/person_request.go:156.33,158.3 1 1
github.com/fullcontact/fullcontact-api-clients/golang/fc/person_request.go:161.53,162.33 1 1
github.com/fullcontact/fullcontact-api-clients/golang/fc/person_request.go:162.33,164.3 1 1
github.com/fullcontact/fullcontact-api-clients/golang/fc/person_request.go:167.56,168.33 1 1
github.com/fullcontact/fullcontact-api-clients/golang/fc/person_request.go:168.33,169.25 1 1
github.com/fullcontact/fullcontact-api-clients/golang/fc/person_request.go:172.3,172.45 1 1
github.com/fullcontact/fullcontact-api-clients/golang/fc/person_request.go:169.25,171.4 1 1
github.com/fullcontact/fullcontact-api-clients/golang/fc/person_request.go:176.60,177.33 1 0
github.com/fullcontact/fullcontact-api-clients/golang/fc/person_request.go:177.33,178.25 1 0
github.com/fullcontact/fullcontact-api-clients/golang/fc/person_request.go:181.3,181.49 1 0
github.com/fullcontact/fullcontact-api-clients/golang/fc/person_request.go:178.25,180.4 1 0
github.com/fullcontact/fullcontact-api-clients/golang/fc/person_request.go:185.60,186.33 1 1
github.com/fullcontact/fullcontact-api-clients/golang/fc/person_request.go:186.33,188.3 1 1
github.com/fullcontact/fullcontact-api-clients/golang/fc/person_request.go:191.48,192.33 1 1
github.com/fullcontact/fullcontact-api-clients/golang/fc/person_request.go:192.33,194.3 1 1
github.com/fullcontact/fullcontact-api-clients/golang/fc/retry_handler.go:11.68,12.48 1 1
github.com/fullcontact/fullcontact-api-clients/golang/fc/retry_handler.go:15.2,15.14 1 1
github.com/fullcontact/fullcontact-api-clients/golang/fc/retry_handler.go:12.48,14.3 1 1
github.com/fullcontact/fullcontact-api-clients/golang/fc/retry_handler.go:18.53,20.2 1 1
github.com/fullcontact/fullcontact-api-clients/golang/fc/retry_handler.go:22.56,24.2 1 1
