mode: set
github.com/fullcontact/fullcontact-go/fc/resolve_request.go:19.81,22.29 2 1
github.com/fullcontact/fullcontact-go/fc/resolve_request.go:25.2,26.16 2 1
github.com/fullcontact/fullcontact-go/fc/resolve_request.go:29.2,29.28 1 1
github.com/fullcontact/fullcontact-go/fc/resolve_request.go:22.29,24.3 1 1
github.com/fullcontact/fullcontact-go/fc/resolve_request.go:26.16,28.3 1 1
github.com/fullcontact/fullcontact-go/fc/resolve_request.go:32.67,33.66 1 1
github.com/fullcontact/fullcontact-go/fc/resolve_request.go:53.2,54.115 1 1
github.com/fullcontact/fullcontact-go/fc/resolve_request.go:33.66,35.3 1 1
github.com/fullcontact/fullcontact-go/fc/resolve_request.go:35.8,35.73 1 1
github.com/fullcontact/fullcontact-go/fc/resolve_request.go:35.73,40.56 1 1
github.com/fullcontact/fullcontact-go/fc/resolve_request.go:40.56,43.89 1 1
github.com/fullcontact/fullcontact-go/fc/resolve_request.go:43.89,45.5 1 1
github.com/fullcontact/fullcontact-go/fc/resolve_request.go:45.10,47.5 1 0
github.com/fullcontact/fullcontact-go/fc/resolve_request.go:48.9,51.4 1 1
github.com/fullcontact/fullcontact-go/fc/resolve_request.go:57.60,58.35 1 1
github.com/fullcontact/fullcontact-go/fc/resolve_request.go:61.2,61.25 1 1
github.com/fullcontact/fullcontact-go/fc/resolve_request.go:68.2,71.27 1 1
github.com/fullcontact/fullcontact-go/fc/resolve_request.go:58.35,60.3 1 1
github.com/fullcontact/fullcontact-go/fc/resolve_request.go:61.25,62.36 1 1
github.com/fullcontact/fullcontact-go/fc/resolve_request.go:62.36,63.22 1 1
github.com/fullcontact/fullcontact-go/fc/resolve_request.go:63.22,65.5 1 1
github.com/fullcontact/fullcontact-go/fc/resolve_request.go:71.27,73.3 1 0
github.com/fullcontact/fullcontact-go/fc/resolve_request.go:73.8,75.3 1 1
github.com/fullcontact/fullcontact-go/fc/resolve_request.go:78.64,79.68 1 1
github.com/fullcontact/fullcontact-go/fc/resolve_request.go:82.2,82.12 1 0
github.com/fullcontact/fullcontact-go/fc/resolve_request.go:79.68,81.3 1 1
github.com/fullcontact/fullcontact-go/fc/resolve_request.go:85.63,86.36 1 1
github.com/fullcontact/fullcontact-go/fc/resolve_request.go:89.2,89.12 1 0
github.com/fullcontact/fullcontact-go/fc/resolve_request.go:86.36,88.3 1 1
github.com/fullcontact/fullcontact-go/fc/resolve_request.go:92.61,93.46 1 1
github.com/fullcontact/fullcontact-go/fc/resolve_request.go:93.46,94.35 1 1
github.com/fullcontact/fullcontact-go/fc/resolve_request.go:97.3,97.63 1 1
github.com/fullcontact/fullcontact-go/fc/resolve_request.go:94.35,96.4 1 1
github.com/fullcontact/fullcontact-go/fc/resolve_request.go:101.65,102.46 1 1
github.com/fullcontact/fullcontact-go/fc/resolve_request.go:102.46,103.35 1 1
github.com/fullcontact/fullcontact-go/fc/resolve_request.go:106.3,106.67 1 1
github.com/fullcontact/fullcontact-go/fc/resolve_request.go:103.35,105.4 1 0
github.com/fullcontact/fullcontact-go/fc/resolve_request.go:110.61,111.46 1 1
github.com/fullcontact/fullcontact-go/fc/resolve_request.go:111.46,112.35 1 1
github.com/fullcontact/fullcontact-go/fc/resolve_request.go:115.3,115.63 1 1
github.com/fullcontact/fullcontact-go/fc/resolve_request.go:112.35,114.4 1 1
github.com/fullcontact/fullcontact-go/fc/resolve_request.go:119.65,120.46 1 0
github.com/fullcontact/fullcontact-go/fc/resolve_request.go:120.46,121.35 1 0
github.com/fullcontact/fullcontact-go/fc/resolve_request.go:124.3,124.67 1 0
github.com/fullcontact/fullcontact-go/fc/resolve_request.go:121.35,123.4 1 0
github.com/fullcontact/fullcontact-go/fc/resolve_request.go:128.59,129.46 1 1
github.com/fullcontact/fullcontact-go/fc/resolve_request.go:129.46,130.33 1 1
github.com/fullcontact/fullcontact-go/fc/resolve_request.go:133.3,133.58 1 1
github.com/fullcontact/fullcontact-go/fc/resolve_request.go:130.33,132.4 1 1
github.com/fullcontact/fullcontact-go/fc/resolve_request.go:137.63,138.46 1 0
github.com/fullcontact/fullcontact-go/fc/resolve_request.go:138.46,139.33 1 0
github.com/fullcontact/fullcontact-go/fc/resolve_request.go:142.3,142.62 1 0
github.com/fullcontact/fullcontact-go/fc/resolve_request.go:139.33,141.4 1 0
github.com/fullcontact/fullcontact-go/fc/resolve_request.go:146.70,147.46 1 1
github.com/fullcontact/fullcontact-go/fc/resolve_request.go:147.46,149.3 1 1
github.com/fullcontact/fullcontact-go/fc/resolve_request.go:152.67,153.46 1 1
github.com/fullcontact/fullcontact-go/fc/resolve_request.go:153.46,155.3 1 1
github.com/fullcontact/fullcontact-go/fc/resolve_request.go:158.67,159.46 1 1
github.com/fullcontact/fullcontact-go/fc/resolve_request.go:159.46,161.3 1 1
github.com/fullcontact/fullcontact-go/fc/resolve_request.go:164.69,165.46 1 0
github.com/fullcontact/fullcontact-go/fc/resolve_request.go:165.46,167.3 1 0
github.com/fullcontact/fullcontact-go/fc/resolve_request.go:170.65,171.46 1 0
github.com/fullcontact/fullcontact-go/fc/resolve_request.go:171.46,173.3 1 0
github.com/fullcontact/fullcontact-go/fc/resolve_request.go:176.64,177.46 1 1
github.com/fullcontact/fullcontact-go/fc/resolve_request.go:177.46,179.3 1 1
github.com/fullcontact/fullcontact-go/fc/resolve_request.go:182.67,183.46 1 1
github.com/fullcontact/fullcontact-go/fc/resolve_request.go:183.46,184.37 1 1
github.com/fullcontact/fullcontact-go/fc/resolve_request.go:187.3,187.69 1 1
github.com/fullcontact/fullcontact-go/fc/resolve_request.go:184.37,186.4 1 1
github.com/fullcontact/fullcontact-go/fc/resolve_request.go:191.71,192.46 1 0
github.com/fullcontact/fullcontact-go/fc/resolve_request.go:192.46,193.37 1 0
github.com/fullcontact/fullcontact-go/fc/resolve_request.go:196.3,196.73 1 0
github.com/fullcontact/fullcontact-go/fc/resolve_request.go:193.37,195.4 1 0
github.com/fullcontact/fullcontact-go/fc/resolve_request.go:200.55,201.46 1 1
github.com/fullcontact/fullcontact-go/fc/resolve_request.go:201.46,202.33 1 1
github.com/fullcontact/fullcontact-go/fc/resolve_request.go:205.3,205.57 1 1
github.com/fullcontact/fullcontact-go/fc/resolve_request.go:202.33,204.4 1 1
github.com/fullcontact/fullcontact-go/fc/resolve_request.go:209.59,210.46 1 0
github.com/fullcontact/fullcontact-go/fc/resolve_request.go:210.46,211.33 1 0
github.com/fullcontact/fullcontact-go/fc/resolve_request.go:214.3,214.61 1 0
github.com/fullcontact/fullcontact-go/fc/resolve_request.go:211.33,213.4 1 0
github.com/fullcontact/fullcontact-go/fc/fc_error.go:9.49,11.2 1 1
github.com/fullcontact/fullcontact-go/fc/fc_error.go:13.56,15.2 1 1
github.com/fullcontact/fullcontact-go/fc/fc_error.go:17.37,19.2 1 1
github.com/fullcontact/fullcontact-go/fc/client.go:18.80,24.31 2 1
github.com/fullcontact/fullcontact-go/fc/client.go:27.2,27.34 1 1
github.com/fullcontact/fullcontact-go/fc/client.go:35.2,35.33 1 1
github.com/fullcontact/fullcontact-go/fc/client.go:39.2,39.27 1 1
github.com/fullcontact/fullcontact-go/fc/client.go:42.2,46.15 2 1
github.com/fullcontact/fullcontact-go/fc/client.go:24.31,26.3 1 1
github.com/fullcontact/fullcontact-go/fc/client.go:27.34,29.17 2 1
github.com/fullcontact/fullcontact-go/fc/client.go:32.3,32.29 1 0
github.com/fullcontact/fullcontact-go/fc/client.go:29.17,31.4 1 1
github.com/fullcontact/fullcontact-go/fc/client.go:35.33,37.3 1 0
github.com/fullcontact/fullcontact-go/fc/client.go:39.27,41.3 1 1
github.com/fullcontact/fullcontact-go/fc/client.go:49.84,50.37 1 1
github.com/fullcontact/fullcontact-go/fc/client.go:50.37,52.3 1 1
github.com/fullcontact/fullcontact-go/fc/client.go:55.44,56.37 1 1
github.com/fullcontact/fullcontact-go/fc/client.go:56.37,58.3 1 1
github.com/fullcontact/fullcontact-go/fc/client.go:61.58,62.37 1 1
github.com/fullcontact/fullcontact-go/fc/client.go:62.37,63.29 1 1
github.com/fullcontact/fullcontact-go/fc/client.go:63.29,65.4 1 1
github.com/fullcontact/fullcontact-go/fc/client.go:69.63,70.37 1 1
github.com/fullcontact/fullcontact-go/fc/client.go:70.37,72.3 1 1
github.com/fullcontact/fullcontact-go/fc/profile.go:12.62,15.31 2 1
github.com/fullcontact/fullcontact-go/fc/profile.go:19.2,20.16 2 1
github.com/fullcontact/fullcontact-go/fc/profile.go:23.2,23.21 1 1
github.com/fullcontact/fullcontact-go/fc/profile.go:15.31,17.3 1 1
github.com/fullcontact/fullcontact-go/fc/profile.go:20.16,22.3 1 1
github.com/fullcontact/fullcontact-go/fc/profile.go:26.41,27.32 1 1
github.com/fullcontact/fullcontact-go/fc/profile.go:27.32,29.3 1 1
github.com/fullcontact/fullcontact-go/fc/profile.go:32.51,33.32 1 1
github.com/fullcontact/fullcontact-go/fc/profile.go:33.32,35.3 1 1
github.com/fullcontact/fullcontact-go/fc/profile.go:38.47,39.32 1 1
github.com/fullcontact/fullcontact-go/fc/profile.go:39.32,41.3 1 1
github.com/fullcontact/fullcontact-go/fc/profile.go:44.49,45.32 1 1
github.com/fullcontact/fullcontact-go/fc/profile.go:45.32,47.3 1 1
github.com/fullcontact/fullcontact-go/fc/profile.go:50.46,51.30 1 1
github.com/fullcontact/fullcontact-go/fc/profile.go:51.30,52.67 1 1
github.com/fullcontact/fullcontact-go/fc/profile.go:55.3,55.13 1 1
github.com/fullcontact/fullcontact-go/fc/profile.go:52.67,54.4 1 1
github.com/fullcontact/fullcontact-go/fc/profile.go:56.8,56.41 1 1
github.com/fullcontact/fullcontact-go/fc/profile.go:56.41,57.67 1 1
github.com/fullcontact/fullcontact-go/fc/profile.go:57.67,59.4 1 1
github.com/fullcontact/fullcontact-go/fc/profile.go:59.9,59.74 1 1
github.com/fullcontact/fullcontact-go/fc/profile.go:59.74,61.4 1 1
github.com/fullcontact/fullcontact-go/fc/profile.go:61.9,64.4 1 1
github.com/fullcontact/fullcontact-go/fc/profile.go:65.8,68.3 1 1
github.com/fullcontact/fullcontact-go/fc/tag.go:14.41,17.31 2 1
github.com/fullcontact/fullcontact-go/fc/tag.go:21.2,21.12 1 1
github.com/fullcontact/fullcontact-go/fc/tag.go:17.31,19.3 1 1
github.com/fullcontact/fullcontact-go/fc/tag.go:24.40,25.24 1 1
github.com/fullcontact/fullcontact-go/fc/tag.go:25.24,27.3 1 1
github.com/fullcontact/fullcontact-go/fc/tag.go:30.44,31.24 1 1
github.com/fullcontact/fullcontact-go/fc/tag.go:31.24,33.3 1 1
github.com/fullcontact/fullcontact-go/fc/tag.go:36.32,38.2 1 1
github.com/fullcontact/fullcontact-go/fc/tag.go:49.72,52.29 2 1
github.com/fullcontact/fullcontact-go/fc/tag.go:55.2,56.16 2 1
github.com/fullcontact/fullcontact-go/fc/tag.go:59.2,59.25 1 1
github.com/fullcontact/fullcontact-go/fc/tag.go:52.29,54.3 1 1
github.com/fullcontact/fullcontact-go/fc/tag.go:56.16,58.3 1 1
github.com/fullcontact/fullcontact-go/fc/tag.go:62.58,63.40 1 1
github.com/fullcontact/fullcontact-go/fc/tag.go:66.2,66.31 1 1
github.com/fullcontact/fullcontact-go/fc/tag.go:69.2,69.39 1 1
github.com/fullcontact/fullcontact-go/fc/tag.go:74.2,74.12 1 1
github.com/fullcontact/fullcontact-go/fc/tag.go:63.40,65.3 1 1
github.com/fullcontact/fullcontact-go/fc/tag.go:66.31,68.3 1 1
github.com/fullcontact/fullcontact-go/fc/tag.go:69.39,70.21 1 1
github.com/fullcontact/fullcontact-go/fc/tag.go:70.21,72.4 1 1
github.com/fullcontact/fullcontact-go/fc/tag.go:77.42,78.40 1 1
github.com/fullcontact/fullcontact-go/fc/tag.go:78.40,79.30 1 1
github.com/fullcontact/fullcontact-go/fc/tag.go:82.3,82.51 1 1
github.com/fullcontact/fullcontact-go/fc/tag.go:79.30,81.4 1 1
github.com/fullcontact/fullcontact-go/fc/tag.go:86.46,87.40 1 0
github.com/fullcontact/fullcontact-go/fc/tag.go:87.40,88.30 1 0
github.com/fullcontact/fullcontact-go/fc/tag.go:91.3,91.55 1 0
github.com/fullcontact/fullcontact-go/fc/tag.go:88.30,90.4 1 0
github.com/fullcontact/fullcontact-go/fc/tag.go:95.61,96.40 1 1
github.com/fullcontact/fullcontact-go/fc/tag.go:96.40,98.3 1 1
github.com/fullcontact/fullcontact-go/fc/audience.go:17.84,20.29 2 1
github.com/fullcontact/fullcontact-go/fc/audience.go:23.2,24.16 2 1
github.com/fullcontact/fullcontact-go/fc/audience.go:27.2,27.29 1 1
github.com/fullcontact/fullcontact-go/fc/audience.go:20.29,22.3 1 1
github.com/fullcontact/fullcontact-go/fc/audience.go:24.16,26.3 1 1
github.com/fullcontact/fullcontact-go/fc/audience.go:30.70,31.46 1 1
github.com/fullcontact/fullcontact-go/fc/audience.go:34.2,34.35 1 1
github.com/fullcontact/fullcontact-go/fc/audience.go:37.2,37.43 1 1
github.com/fullcontact/fullcontact-go/fc/audience.go:42.2,42.12 1 1
github.com/fullcontact/fullcontact-go/fc/audience.go:31.46,33.3 1 1
github.com/fullcontact/fullcontact-go/fc/audience.go:34.35,36.3 1 1
github.com/fullcontact/fullcontact-go/fc/audience.go:37.43,38.21 1 1
github.com/fullcontact/fullcontact-go/fc/audience.go:38.21,40.4 1 1
github.com/fullcontact/fullcontact-go/fc/audience.go:45.73,46.48 1 1
github.com/fullcontact/fullcontact-go/fc/audience.go:46.48,48.3 1 1
github.com/fullcontact/fullcontact-go/fc/audience.go:51.57,52.48 1 1
github.com/fullcontact/fullcontact-go/fc/audience.go:52.48,53.34 1 1
github.com/fullcontact/fullcontact-go/fc/audience.go:56.3,56.59 1 1
github.com/fullcontact/fullcontact-go/fc/audience.go:53.34,55.4 1 1
github.com/fullcontact/fullcontact-go/fc/audience.go:60.61,61.48 1 0
github.com/fullcontact/fullcontact-go/fc/audience.go:61.48,62.34 1 0
github.com/fullcontact/fullcontact-go/fc/audience.go:65.3,65.63 1 0
github.com/fullcontact/fullcontact-go/fc/audience.go:62.34,64.4 1 0
github.com/fullcontact/fullcontact-go/fc/audience.go:76.90,77.46 1 0
github.com/fullcontact/fullcontact-go/fc/audience.go:80.2,81.16 2 0
github.com/fullcontact/fullcontact-go/fc/audience.go:84.2,86.16 3 0
github.com/fullcontact/fullcontact-go/fc/audience.go:89.2,89.12 1 0
github.com/fullcontact/fullcontact-go/fc/audience.go:77.46,79.3 1 0
github.com/fullcontact/fullcontact-go/fc/audience.go:81.16,83.3 1 0
github.com/fullcontact/fullcontact-go/fc/audience.go:86.16,88.3 1 0
github.com/fullcontact/fullcontact-go/fc/location.go:19.55,21.31 2 1
github.com/fullcontact/fullcontact-go/fc/location.go:24.2,24.17 1 1
github.com/fullcontact/fullcontact-go/fc/location.go:21.31,23.3 1 1
github.com/fullcontact/fullcontact-go/fc/location.go:27.59,28.34 1 1
github.com/fullcontact/fullcontact-go/fc/location.go:28.34,30.3 1 1
github.com/fullcontact/fullcontact-go/fc/location.go:33.59,34.34 1 1
github.com/fullcontact/fullcontact-go/fc/location.go:34.34,36.3 1 1
github.com/fullcontact/fullcontact-go/fc/location.go:39.43,40.34 1 1
github.com/fullcontact/fullcontact-go/fc/location.go:40.34,42.3 1 1
github.com/fullcontact/fullcontact-go/fc/location.go:45.58,46.34 1 1
github.com/fullcontact/fullcontact-go/fc/location.go:46.34,48.3 1 1
github.com/fullcontact/fullcontact-go/fc/location.go:51.55,52.34 1 1
github.com/fullcontact/fullcontact-go/fc/location.go:52.34,54.3 1 1
github.com/fullcontact/fullcontact-go/fc/location.go:57.55,58.34 1 1
github.com/fullcontact/fullcontact-go/fc/location.go:58.34,60.3 1 1
github.com/fullcontact/fullcontact-go/fc/location.go:63.60,64.34 1 0
github.com/fullcontact/fullcontact-go/fc/location.go:64.34,66.3 1 0
github.com/fullcontact/fullcontact-go/fc/location.go:69.57,70.34 1 0
github.com/fullcontact/fullcontact-go/fc/location.go:70.34,72.3 1 0
github.com/fullcontact/fullcontact-go/fc/location.go:75.53,76.34 1 0
github.com/fullcontact/fullcontact-go/fc/location.go:76.34,78.3 1 0
github.com/fullcontact/fullcontact-go/fc/fullcontact.go:11.103,13.16 2 1
github.com/fullcontact/fullcontact-go/fc/fullcontact.go:16.2,16.37 1 1
github.com/fullcontact/fullcontact-go/fc/fullcontact.go:19.2,22.17 4 1
github.com/fullcontact/fullcontact-go/fc/fullcontact.go:13.16,15.3 1 0
github.com/fullcontact/fullcontact-go/fc/fullcontact.go:16.37,18.3 1 0
github.com/fullcontact/fullcontact-go/fc/fullcontact.go:26.103,28.16 2 0
github.com/fullcontact/fullcontact-go/fc/fullcontact.go:31.2,31.37 1 0
github.com/fullcontact/fullcontact-go/fc/fullcontact.go:34.2,37.17 4 0
github.com/fullcontact/fullcontact-go/fc/fullcontact.go:28.16,30.3 1 0
github.com/fullcontact/fullcontact-go/fc/fullcontact.go:31.37,33.3 1 0
github.com/fullcontact/fullcontact-go/fc/fullcontact.go:41.90,45.33 3 1
github.com/fullcontact/fullcontact-go/fc/fullcontact.go:52.2,52.16 1 1
github.com/fullcontact/fullcontact-go/fc/fullcontact.go:56.2,58.16 2 1
github.com/fullcontact/fullcontact-go/fc/fullcontact.go:45.33,47.3 1 0
github.com/fullcontact/fullcontact-go/fc/fullcontact.go:47.8,47.39 1 1
github.com/fullcontact/fullcontact-go/fc/fullcontact.go:47.39,49.3 1 0
github.com/fullcontact/fullcontact-go/fc/fullcontact.go:49.8,51.3 1 1
github.com/fullcontact/fullcontact-go/fc/fullcontact.go:52.16,54.3 1 0
github.com/fullcontact/fullcontact-go/fc/fullcontact.go:58.16,60.3 1 0
github.com/fullcontact/fullcontact-go/fc/fullcontact.go:60.8,60.79 1 1
github.com/fullcontact/fullcontact-go/fc/fullcontact.go:60.79,62.3 1 1
github.com/fullcontact/fullcontact-go/fc/fullcontact.go:62.8,64.3 1 1
github.com/fullcontact/fullcontact-go/fc/fullcontact.go:67.152,68.71 1 1
github.com/fullcontact/fullcontact-go/fc/fullcontact.go:68.71,73.34 5 1
github.com/fullcontact/fullcontact-go/fc/fullcontact.go:80.3,80.17 1 1
github.com/fullcontact/fullcontact-go/fc/fullcontact.go:83.3,84.17 2 1
github.com/fullcontact/fullcontact-go/fc/fullcontact.go:73.34,75.4 1 0
github.com/fullcontact/fullcontact-go/fc/fullcontact.go:75.9,75.40 1 1
github.com/fullcontact/fullcontact-go/fc/fullcontact.go:75.40,77.4 1 0
github.com/fullcontact/fullcontact-go/fc/fullcontact.go:77.9,79.4 1 1
github.com/fullcontact/fullcontact-go/fc/fullcontact.go:80.17,82.4 1 0
github.com/fullcontact/fullcontact-go/fc/fullcontact.go:84.17,86.4 1 0
github.com/fullcontact/fullcontact-go/fc/fullcontact.go:86.9,86.80 1 1
github.com/fullcontact/fullcontact-go/fc/fullcontact.go:86.80,88.4 1 0
github.com/fullcontact/fullcontact-go/fc/fullcontact.go:88.9,90.4 1 1
github.com/fullcontact/fullcontact-go/fc/fullcontact.go:91.8,91.23 1 1
github.com/fullcontact/fullcontact-go/fc/fullcontact.go:91.23,93.3 1 0
github.com/fullcontact/fullcontact-go/fc/fullcontact.go:93.8,95.3 1 1
github.com/fullcontact/fullcontact-go/fc/fullcontact.go:99.90,105.21 2 1
github.com/fullcontact/fullcontact-go/fc/fullcontact.go:131.2,132.8 2 1
github.com/fullcontact/fullcontact-go/fc/fullcontact.go:105.21,108.28 2 1
github.com/fullcontact/fullcontact-go/fc/fullcontact.go:112.3,112.14 1 1
github.com/fullcontact/fullcontact-go/fc/fullcontact.go:108.28,110.4 1 1
github.com/fullcontact/fullcontact-go/fc/fullcontact.go:113.24,114.34 1 1
github.com/fullcontact/fullcontact-go/fc/fullcontact.go:115.25,116.35 1 1
github.com/fullcontact/fullcontact-go/fc/fullcontact.go:117.25,118.41 1 1
github.com/fullcontact/fullcontact-go/fc/fullcontact.go:119.62,120.35 1 1
github.com/fullcontact/fullcontact-go/fc/fullcontact.go:121.35,122.43 1 0
github.com/fullcontact/fullcontact-go/fc/fullcontact.go:123.49,124.32 1 1
github.com/fullcontact/fullcontact-go/fc/fullcontact.go:125.47,126.36 1 1
github.com/fullcontact/fullcontact-go/fc/fullcontact.go:127.29,128.45 1 1
github.com/fullcontact/fullcontact-go/fc/fullcontact.go:137.97,139.26 2 1
github.com/fullcontact/fullcontact-go/fc/fullcontact.go:143.2,145.16 2 0
github.com/fullcontact/fullcontact-go/fc/fullcontact.go:150.2,151.11 2 0
github.com/fullcontact/fullcontact-go/fc/fullcontact.go:139.26,142.3 2 1
github.com/fullcontact/fullcontact-go/fc/fullcontact.go:145.16,148.3 2 0
github.com/fullcontact/fullcontact-go/fc/fullcontact.go:156.100,158.27 2 1
github.com/fullcontact/fullcontact-go/fc/fullcontact.go:162.2,163.16 2 1
github.com/fullcontact/fullcontact-go/fc/fullcontact.go:167.2,169.16 2 0
github.com/fullcontact/fullcontact-go/fc/fullcontact.go:174.2,175.11 2 0
github.com/fullcontact/fullcontact-go/fc/fullcontact.go:158.27,161.3 2 1
github.com/fullcontact/fullcontact-go/fc/fullcontact.go:163.16,166.3 2 1
github.com/fullcontact/fullcontact-go/fc/fullcontact.go:169.16,172.3 2 0
github.com/fullcontact/fullcontact-go/fc/fullcontact.go:180.100,182.27 2 1
github.com/fullcontact/fullcontact-go/fc/fullcontact.go:186.2,187.16 2 1
github.com/fullcontact/fullcontact-go/fc/fullcontact.go:191.2,193.16 2 0
github.com/fullcontact/fullcontact-go/fc/fullcontact.go:198.2,199.11 2 0
github.com/fullcontact/fullcontact-go/fc/fullcontact.go:182.27,185.3 2 1
github.com/fullcontact/fullcontact-go/fc/fullcontact.go:187.16,190.3 2 1
github.com/fullcontact/fullcontact-go/fc/fullcontact.go:193.16,196.3 2 0
github.com/fullcontact/fullcontact-go/fc/fullcontact.go:205.98,207.27 2 1
github.com/fullcontact/fullcontact-go/fc/fullcontact.go:211.2,212.16 2 1
github.com/fullcontact/fullcontact-go/fc/fullcontact.go:216.2,216.68 1 0
github.com/fullcontact/fullcontact-go/fc/fullcontact.go:207.27,210.3 2 1
github.com/fullcontact/fullcontact-go/fc/fullcontact.go:212.16,215.3 2 1
github.com/fullcontact/fullcontact-go/fc/fullcontact.go:222.102,224.27 2 1
github.com/fullcontact/fullcontact-go/fc/fullcontact.go:228.2,229.16 2 1
github.com/fullcontact/fullcontact-go/fc/fullcontact.go:233.2,233.72 1 0
github.com/fullcontact/fullcontact-go/fc/fullcontact.go:224.27,227.3 2 1
github.com/fullcontact/fullcontact-go/fc/fullcontact.go:229.16,232.3 2 1
github.com/fullcontact/fullcontact-go/fc/fullcontact.go:239.110,241.27 2 0
github.com/fullcontact/fullcontact-go/fc/fullcontact.go:245.2,246.16 2 0
github.com/fullcontact/fullcontact-go/fc/fullcontact.go:250.2,250.80 1 0
github.com/fullcontact/fullcontact-go/fc/fullcontact.go:241.27,244.3 2 0
github.com/fullcontact/fullcontact-go/fc/fullcontact.go:246.16,249.3 2 0
github.com/fullcontact/fullcontact-go/fc/fullcontact.go:256.101,258.27 2 1
github.com/fullcontact/fullcontact-go/fc/fullcontact.go:262.2,263.16 2 1
github.com/fullcontact/fullcontact-go/fc/fullcontact.go:267.2,267.71 1 0
github.com/fullcontact/fullcontact-go/fc/fullcontact.go:258.27,261.3 2 1
github.com/fullcontact/fullcontact-go/fc/fullcontact.go:263.16,266.3 2 1
github.com/fullcontact/fullcontact-go/fc/fullcontact.go:270.135,273.16 2 0
github.com/fullcontact/fullcontact-go/fc/fullcontact.go:278.2,279.11 2 0
github.com/fullcontact/fullcontact-go/fc/fullcontact.go:273.16,276.3 2 0
github.com/fullcontact/fullcontact-go/fc/fullcontact.go:284.91,286.24 2 0
github.com/fullcontact/fullcontact-go/fc/fullcontact.go:290.2,292.16 2 0
github.com/fullcontact/fullcontact-go/fc/fullcontact.go:297.2,298.11 2 0
github.com/fullcontact/fullcontact-go/fc/fullcontact.go:286.24,289.3 2 0
github.com/fullcontact/fullcontact-go/fc/fullcontact.go:292.16,295.3 2 0
github.com/fullcontact/fullcontact-go/fc/fullcontact.go:303.79,305.28 2 0
github.com/fullcontact/fullcontact-go/fc/fullcontact.go:309.2,313.11 3 0
github.com/fullcontact/fullcontact-go/fc/fullcontact.go:305.28,308.3 2 0
github.com/fullcontact/fullcontact-go/fc/fullcontact.go:318.91,320.24 2 0
github.com/fullcontact/fullcontact-go/fc/fullcontact.go:324.2,326.16 2 0
github.com/fullcontact/fullcontact-go/fc/fullcontact.go:331.2,332.11 2 0
github.com/fullcontact/fullcontact-go/fc/fullcontact.go:320.24,323.3 2 0
github.com/fullcontact/fullcontact-go/fc/fullcontact.go:326.16,329.3 2 0
github.com/fullcontact/fullcontact-go/fc/fullcontact.go:337.103,339.28 2 0
github.com/fullcontact/fullcontact-go/fc/fullcontact.go:343.2,345.16 2 0
github.com/fullcontact/fullcontact-go/fc/fullcontact.go:350.2,351.11 2 0
github.com/fullcontact/fullcontact-go/fc/fullcontact.go:339.28,342.3 2 0
github.com/fullcontact/fullcontact-go/fc/fullcontact.go:345.16,348.3 2 0
github.com/fullcontact/fullcontact-go/fc/fullcontact.go:356.89,358.29 2 0
github.com/fullcontact/fullcontact-go/fc/fullcontact.go:362.2,366.11 3 0
github.com/fullcontact/fullcontact-go/fc/fullcontact.go:358.29,361.3 2 0
github.com/fullcontact/fullcontact-go/fc/fullcontact.go:371.86,373.25 2 0
github.com/fullcontact/fullcontact-go/fc/fullcontact.go:377.2,381.11 3 0
github.com/fullcontact/fullcontact-go/fc/fullcontact.go:373.25,376.3 2 0
github.com/fullcontact/fullcontact-go/fc/fullcontact.go:384.50,387.16 3 1
github.com/fullcontact/fullcontact-go/fc/fullcontact.go:391.2,392.36 2 1
github.com/fullcontact/fullcontact-go/fc/fullcontact.go:399.2,402.38 4 1
github.com/fullcontact/fullcontact-go/fc/fullcontact.go:387.16,390.3 2 0
github.com/fullcontact/fullcontact-go/fc/fullcontact.go:392.36,394.17 2 1
github.com/fullcontact/fullcontact-go/fc/fullcontact.go:394.17,397.4 2 0
github.com/fullcontact/fullcontact-go/fc/fullcontact.go:405.51,408.16 3 1
github.com/fullcontact/fullcontact-go/fc/fullcontact.go:412.2,413.36 2 1
github.com/fullcontact/fullcontact-go/fc/fullcontact.go:420.2,423.48 4 1
github.com/fullcontact/fullcontact-go/fc/fullcontact.go:408.16,411.3 2 0
github.com/fullcontact/fullcontact-go/fc/fullcontact.go:413.36,415.17 2 1
github.com/fullcontact/fullcontact-go/fc/fullcontact.go:415.17,418.4 2 0
github.com/fullcontact/fullcontact-go/fc/fullcontact.go:426.57,429.16 3 1
github.com/fullcontact/fullcontact-go/fc/fullcontact.go:433.2,434.36 2 1
github.com/fullcontact/fullcontact-go/fc/fullcontact.go:441.2,444.59 4 1
github.com/fullcontact/fullcontact-go/fc/fullcontact.go:429.16,432.3 2 0
github.com/fullcontact/fullcontact-go/fc/fullcontact.go:434.36,436.17 2 1
github.com/fullcontact/fullcontact-go/fc/fullcontact.go:436.17,439.4 2 0
github.com/fullcontact/fullcontact-go/fc/fullcontact.go:447.51,450.16 3 1
github.com/fullcontact/fullcontact-go/fc/fullcontact.go:454.2,455.36 2 1
github.com/fullcontact/fullcontact-go/fc/fullcontact.go:462.2,465.48 4 1
github.com/fullcontact/fullcontact-go/fc/fullcontact.go:450.16,453.3 2 0
github.com/fullcontact/fullcontact-go/fc/fullcontact.go:455.36,457.17 2 1
github.com/fullcontact/fullcontact-go/fc/fullcontact.go:457.17,460.4 2 0
github.com/fullcontact/fullcontact-go/fc/fullcontact.go:468.59,471.16 3 0
github.com/fullcontact/fullcontact-go/fc/fullcontact.go:475.2,476.36 2 0
github.com/fullcontact/fullcontact-go/fc/fullcontact.go:483.2,486.56 4 0
github.com/fullcontact/fullcontact-go/fc/fullcontact.go:471.16,474.3 2 0
github.com/fullcontact/fullcontact-go/fc/fullcontact.go:476.36,478.17 2 0
github.com/fullcontact/fullcontact-go/fc/fullcontact.go:478.17,481.4 2 0
github.com/fullcontact/fullcontact-go/fc/fullcontact.go:489.48,492.16 3 1
github.com/fullcontact/fullcontact-go/fc/fullcontact.go:496.2,497.36 2 1
github.com/fullcontact/fullcontact-go/fc/fullcontact.go:504.2,507.42 4 1
github.com/fullcontact/fullcontact-go/fc/fullcontact.go:492.16,495.3 2 0
github.com/fullcontact/fullcontact-go/fc/fullcontact.go:497.36,499.17 2 1
github.com/fullcontact/fullcontact-go/fc/fullcontact.go:499.17,502.4 2 0
github.com/fullcontact/fullcontact-go/fc/fullcontact.go:510.52,514.16 4 1
github.com/fullcontact/fullcontact-go/fc/fullcontact.go:518.2,519.36 2 1
github.com/fullcontact/fullcontact-go/fc/fullcontact.go:530.2,533.50 4 1
github.com/fullcontact/fullcontact-go/fc/fullcontact.go:514.16,517.3 2 0
github.com/fullcontact/fullcontact-go/fc/fullcontact.go:519.36,520.48 1 0
github.com/fullcontact/fullcontact-go/fc/fullcontact.go:520.48,522.4 1 0
github.com/fullcontact/fullcontact-go/fc/fullcontact.go:522.9,524.18 2 0
github.com/fullcontact/fullcontact-go/fc/fullcontact.go:524.18,527.5 2 0
github.com/fullcontact/fullcontact-go/fc/fullcontact.go:536.61,539.16 3 1
github.com/fullcontact/fullcontact-go/fc/fullcontact.go:543.2,544.36 2 1
github.com/fullcontact/fullcontact-go/fc/fullcontact.go:551.2,554.56 4 1
github.com/fullcontact/fullcontact-go/fc/fullcontact.go:539.16,542.3 2 0
github.com/fullcontact/fullcontact-go/fc/fullcontact.go:544.36,546.17 2 1
github.com/fullcontact/fullcontact-go/fc/fullcontact.go:546.17,549.4 2 0
github.com/fullcontact/fullcontact-go/fc/fullcontact.go:557.24,558.11 1 1
github.com/fullcontact/fullcontact-go/fc/fullcontact.go:561.2,561.10 1 0
github.com/fullcontact/fullcontact-go/fc/fullcontact.go:558.11,560.3 1 1
github.com/fullcontact/fullcontact-go/fc/person_name.go:10.62,13.31 2 1
github.com/fullcontact/fullcontact-go/fc/person_name.go:16.2,16.11 1 1
github.com/fullcontact/fullcontact-go/fc/person_name.go:13.31,15.3 1 1
github.com/fullcontact/fullcontact-go/fc/person_name.go:19.46,20.32 1 1
github.com/fullcontact/fullcontact-go/fc/person_name.go:20.32,22.3 1 1
github.com/fullcontact/fullcontact-go/fc/person_name.go:25.48,26.32 1 1
github.com/fullcontact/fullcontact-go/fc/person_name.go:26.32,28.3 1 1
github.com/fullcontact/fullcontact-go/fc/person_name.go:31.50,32.32 1 1
github.com/fullcontact/fullcontact-go/fc/person_name.go:32.32,34.3 1 1
github.com/fullcontact/fullcontact-go/fc/person_request.go:22.78,25.29 2 1
github.com/fullcontact/fullcontact-go/fc/person_request.go:28.2,29.16 2 1
github.com/fullcontact/fullcontact-go/fc/person_request.go:32.2,32.16 1 1
github.com/fullcontact/fullcontact-go/fc/person_request.go:25.29,27.3 1 1
github.com/fullcontact/fullcontact-go/fc/person_request.go:29.16,31.3 1 1
github.com/fullcontact/fullcontact-go/fc/person_request.go:35.53,40.26 1 1
github.com/fullcontact/fullcontact-go/fc/person_request.go:43.2,43.42 1 1
github.com/fullcontact/fullcontact-go/fc/person_request.go:63.2,64.115 1 1
github.com/fullcontact/fullcontact-go/fc/person_request.go:40.26,42.3 1 1
github.com/fullcontact/fullcontact-go/fc/person_request.go:43.42,45.3 1 1
github.com/fullcontact/fullcontact-go/fc/person_request.go:45.8,45.49 1 1
github.com/fullcontact/fullcontact-go/fc/person_request.go:45.49,50.44 1 1
github.com/fullcontact/fullcontact-go/fc/person_request.go:50.44,53.65 1 1
github.com/fullcontact/fullcontact-go/fc/person_request.go:53.65,55.5 1 1
github.com/fullcontact/fullcontact-go/fc/person_request.go:55.10,57.5 1 0
github.com/fullcontact/fullcontact-go/fc/person_request.go:58.9,61.4 1 1
github.com/fullcontact/fullcontact-go/fc/person_request.go:67.50,68.33 1 1
github.com/fullcontact/fullcontact-go/fc/person_request.go:68.33,69.23 1 1
github.com/fullcontact/fullcontact-go/fc/person_request.go:72.3,72.39 1 1
github.com/fullcontact/fullcontact-go/fc/person_request.go:69.23,71.4 1 1
github.com/fullcontact/fullcontact-go/fc/person_request.go:76.54,77.33 1 1
github.com/fullcontact/fullcontact-go/fc/person_request.go:77.33,78.23 1 1
github.com/fullcontact/fullcontact-go/fc/person_request.go:81.3,81.43 1 1
github.com/fullcontact/fullcontact-go/fc/person_request.go:78.23,80.4 1 0
github.com/fullcontact/fullcontact-go/fc/person_request.go:85.50,86.33 1 1
github.com/fullcontact/fullcontact-go/fc/person_request.go:86.33,87.23 1 1
github.com/fullcontact/fullcontact-go/fc/person_request.go:90.3,90.39 1 1
github.com/fullcontact/fullcontact-go/fc/person_request.go:87.23,89.4 1 1
github.com/fullcontact/fullcontact-go/fc/person_request.go:94.54,95.33 1 0
github.com/fullcontact/fullcontact-go/fc/person_request.go:95.33,96.23 1 0
github.com/fullcontact/fullcontact-go/fc/person_request.go:99.3,99.43 1 0
github.com/fullcontact/fullcontact-go/fc/person_request.go:96.23,98.4 1 0
github.com/fullcontact/fullcontact-go/fc/person_request.go:103.60,104.33 1 1
github.com/fullcontact/fullcontact-go/fc/person_request.go:104.33,105.27 1 1
github.com/fullcontact/fullcontact-go/fc/person_request.go:108.3,108.52 1 1
github.com/fullcontact/fullcontact-go/fc/person_request.go:105.27,107.4 1 1
github.com/fullcontact/fullcontact-go/fc/person_request.go:112.64,113.33 1 0
github.com/fullcontact/fullcontact-go/fc/person_request.go:113.33,114.27 1 0
github.com/fullcontact/fullcontact-go/fc/person_request.go:117.3,117.56 1 0
github.com/fullcontact/fullcontact-go/fc/person_request.go:114.27,116.4 1 0
github.com/fullcontact/fullcontact-go/fc/person_request.go:121.48,122.33 1 1
github.com/fullcontact/fullcontact-go/fc/person_request.go:122.33,123.21 1 1
github.com/fullcontact/fullcontact-go/fc/person_request.go:126.3,126.34 1 1
github.com/fullcontact/fullcontact-go/fc/person_request.go:123.21,125.4 1 1
github.com/fullcontact/fullcontact-go/fc/person_request.go:130.52,131.33 1 0
github.com/fullcontact/fullcontact-go/fc/person_request.go:131.33,132.21 1 0
github.com/fullcontact/fullcontact-go/fc/person_request.go:135.3,135.38 1 0
github.com/fullcontact/fullcontact-go/fc/person_request.go:132.21,134.4 1 0
github.com/fullcontact/fullcontact-go/fc/person_request.go:139.59,140.33 1 1
github.com/fullcontact/fullcontact-go/fc/person_request.go:140.33,142.3 1 1
github.com/fullcontact/fullcontact-go/fc/person_request.go:145.60,146.33 1 1
github.com/fullcontact/fullcontact-go/fc/person_request.go:146.33,148.3 1 1
github.com/fullcontact/fullcontact-go/fc/person_request.go:151.56,152.33 1 1
github.com/fullcontact/fullcontact-go/fc/person_request.go:152.33,154.3 1 1
github.com/fullcontact/fullcontact-go/fc/person_request.go:157.56,158.33 1 1
github.com/fullcontact/fullcontact-go/fc/person_request.go:158.33,160.3 1 1
github.com/fullcontact/fullcontact-go/fc/person_request.go:163.58,164.33 1 0
github.com/fullcontact/fullcontact-go/fc/person_request.go:164.33,166.3 1 0
github.com/fullcontact/fullcontact-go/fc/person_request.go:169.54,170.33 1 0
github.com/fullcontact/fullcontact-go/fc/person_request.go:170.33,172.3 1 0
github.com/fullcontact/fullcontact-go/fc/person_request.go:175.53,176.33 1 1
github.com/fullcontact/fullcontact-go/fc/person_request.go:176.33,178.3 1 1
github.com/fullcontact/fullcontact-go/fc/person_request.go:181.56,182.33 1 1
github.com/fullcontact/fullcontact-go/fc/person_request.go:182.33,183.25 1 1
github.com/fullcontact/fullcontact-go/fc/person_request.go:186.3,186.45 1 1
github.com/fullcontact/fullcontact-go/fc/person_request.go:183.25,185.4 1 1
github.com/fullcontact/fullcontact-go/fc/person_request.go:190.60,191.33 1 0
github.com/fullcontact/fullcontact-go/fc/person_request.go:191.33,192.25 1 0
github.com/fullcontact/fullcontact-go/fc/person_request.go:195.3,195.49 1 0
github.com/fullcontact/fullcontact-go/fc/person_request.go:192.25,194.4 1 0
github.com/fullcontact/fullcontact-go/fc/person_request.go:199.60,200.33 1 1
github.com/fullcontact/fullcontact-go/fc/person_request.go:200.33,202.3 1 1
github.com/fullcontact/fullcontact-go/fc/person_request.go:205.48,206.33 1 1
github.com/fullcontact/fullcontact-go/fc/person_request.go:206.33,208.3 1 1
github.com/fullcontact/fullcontact-go/fc/api_response.go:24.42,31.2 1 1
github.com/fullcontact/fullcontact-go/fc/company_request.go:16.82,19.31 2 1
github.com/fullcontact/fullcontact-go/fc/company_request.go:22.2,23.16 2 1
github.com/fullcontact/fullcontact-go/fc/company_request.go:19.31,21.3 1 1
github.com/fullcontact/fullcontact-go/fc/company_request.go:26.55,27.102 1 1
github.com/fullcontact/fullcontact-go/fc/company_request.go:30.2,30.12 1 1
github.com/fullcontact/fullcontact-go/fc/company_request.go:27.102,29.3 1 1
github.com/fullcontact/fullcontact-go/fc/company_request.go:33.62,34.34 1 1
github.com/fullcontact/fullcontact-go/fc/company_request.go:37.2,37.12 1 0
github.com/fullcontact/fullcontact-go/fc/company_request.go:34.34,36.3 1 1
github.com/fullcontact/fullcontact-go/fc/company_request.go:40.62,41.39 1 1
github.com/fullcontact/fullcontact-go/fc/company_request.go:44.2,44.12 1 0
github.com/fullcontact/fullcontact-go/fc/company_request.go:41.39,43.3 1 1
github.com/fullcontact/fullcontact-go/fc/company_request.go:47.53,48.34 1 1
github.com/fullcontact/fullcontact-go/fc/company_request.go:48.34,50.3 1 1
github.com/fullcontact/fullcontact-go/fc/company_request.go:53.63,54.34 1 1
github.com/fullcontact/fullcontact-go/fc/company_request.go:54.34,56.3 1 1
github.com/fullcontact/fullcontact-go/fc/company_request.go:59.71,60.34 1 1
github.com/fullcontact/fullcontact-go/fc/company_request.go:60.34,62.3 1 1
github.com/fullcontact/fullcontact-go/fc/company_request.go:65.67,66.34 1 1
github.com/fullcontact/fullcontact-go/fc/company_request.go:66.34,68.3 1 1
github.com/fullcontact/fullcontact-go/fc/company_request.go:71.57,72.34 1 1
github.com/fullcontact/fullcontact-go/fc/company_request.go:72.34,74.3 1 1
github.com/fullcontact/fullcontact-go/fc/company_request.go:77.53,78.34 1 1
github.com/fullcontact/fullcontact-go/fc/company_request.go:78.34,80.3 1 1
github.com/fullcontact/fullcontact-go/fc/company_request.go:83.55,84.34 1 1
github.com/fullcontact/fullcontact-go/fc/company_request.go:84.34,86.3 1 1
github.com/fullcontact/fullcontact-go/fc/company_request.go:89.49,90.34 1 1
github.com/fullcontact/fullcontact-go/fc/company_request.go:90.34,92.3 1 1
github.com/fullcontact/fullcontact-go/fc/credentials_provider.go:13.85,14.26 1 1
github.com/fullcontact/fullcontact-go/fc/credentials_provider.go:14.26,16.3 1 1
github.com/fullcontact/fullcontact-go/fc/credentials_provider.go:16.8,18.3 1 1
github.com/fullcontact/fullcontact-go/fc/credentials_provider.go:21.57,23.2 1 1
github.com/fullcontact/fullcontact-go/fc/credentials_provider.go:29.87,31.26 2 1
github.com/fullcontact/fullcontact-go/fc/credentials_provider.go:31.26,33.3 1 1
github.com/fullcontact/fullcontact-go/fc/credentials_provider.go:33.8,35.3 1 0
github.com/fullcontact/fullcontact-go/fc/credentials_provider.go:38.58,40.2 1 0
github.com/fullcontact/fullcontact-go/fc/retry_handler.go:11.68,12.48 1 1
github.com/fullcontact/fullcontact-go/fc/retry_handler.go:15.2,15.14 1 1
github.com/fullcontact/fullcontact-go/fc/retry_handler.go:12.48,14.3 1 1
github.com/fullcontact/fullcontact-go/fc/retry_handler.go:18.53,20.2 1 1
github.com/fullcontact/fullcontact-go/fc/retry_handler.go:22.56,24.2 1 1
